<?xml version="1.0" encoding="UTF-8"?>
<testng-results ignored="0" total="3" passed="3" failed="0" skipped="0">
  <reporter-output>
  </reporter-output>
  <suite started-at="2024-11-18T10:43:45 CST" name="Suite" finished-at="2024-11-18T10:44:07 CST" duration-ms="21446">
    <groups>
    </groups>
    <test started-at="2024-11-18T10:43:45 CST" name="chromeTest" finished-at="2024-11-18T10:43:51 CST" duration-ms="5989">
      <class name="testngpkg.CrossBrowsertest">
        <test-method is-config="true" signature="setup(java.lang.String)[pri:0, instance:testngpkg.CrossBrowsertest@644baf4a]" started-at="2024-11-18T10:43:45 CST" name="setup" finished-at="2024-11-18T10:43:50 CST" duration-ms="4494" status="PASS">
          <params>
            <param index="0">
              <value>
                <![CDATA[chrome]]>
              </value>
            </param>
          </params>
          <reporter-output>
          </reporter-output>
        </test-method> <!-- setup -->
        <test-method signature="test()[pri:0, instance:testngpkg.CrossBrowsertest@644baf4a]" started-at="2024-11-18T10:43:50 CST" name="test" finished-at="2024-11-18T10:43:51 CST" duration-ms="1423" status="PASS">
          <reporter-output>
          </reporter-output>
        </test-method> <!-- test -->
      </class> <!-- testngpkg.CrossBrowsertest -->
    </test> <!-- chromeTest -->
    <test started-at="2024-11-18T10:43:51 CST" name="edgeTest" finished-at="2024-11-18T10:43:58 CST" duration-ms="6786">
      <class name="testngpkg.CrossBrowsertest">
        <test-method is-config="true" signature="setup(java.lang.String)[pri:0, instance:testngpkg.CrossBrowsertest@4b29d1d2]" started-at="2024-11-18T10:43:51 CST" name="setup" finished-at="2024-11-18T10:43:56 CST" duration-ms="4228" status="PASS">
          <params>
            <param index="0">
              <value>
                <![CDATA[edge]]>
              </value>
            </param>
          </params>
          <reporter-output>
          </reporter-output>
        </test-method> <!-- setup -->
        <test-method signature="test()[pri:0, instance:testngpkg.CrossBrowsertest@4b29d1d2]" started-at="2024-11-18T10:43:56 CST" name="test" finished-at="2024-11-18T10:43:58 CST" duration-ms="2551" status="PASS">
          <reporter-output>
          </reporter-output>
        </test-method> <!-- test -->
      </class> <!-- testngpkg.CrossBrowsertest -->
    </test> <!-- edgeTest -->
    <test started-at="2024-11-18T10:43:58 CST" name="FirefoxTest" finished-at="2024-11-18T10:44:07 CST" duration-ms="8524">
      <class name="testngpkg.CrossBrowsertest">
        <test-method is-config="true" signature="setup(java.lang.String)[pri:0, instance:testngpkg.CrossBrowsertest@35dab4eb]" started-at="2024-11-18T10:43:58 CST" name="setup" finished-at="2024-11-18T10:44:04 CST" duration-ms="5937" status="PASS">
          <params>
            <param index="0">
              <value>
                <![CDATA[firefox]]>
              </value>
            </param>
          </params>
          <reporter-output>
          </reporter-output>
        </test-method> <!-- setup -->
        <test-method signature="test()[pri:0, instance:testngpkg.CrossBrowsertest@35dab4eb]" started-at="2024-11-18T10:44:04 CST" name="test" finished-at="2024-11-18T10:44:07 CST" duration-ms="2584" status="PASS">
          <reporter-output>
          </reporter-output>
        </test-method> <!-- test -->
      </class> <!-- testngpkg.CrossBrowsertest -->
    </test> <!-- FirefoxTest -->
  </suite> <!-- Suite -->
</testng-results>
